  main.cpp
main.cpp(143): warning C4267: 'initializing': conversion from 'size_t' to 'int', possible loss of data
main.cpp(180): warning C4244: 'initializing': conversion from 'vl_uindex' to 'int', possible loss of data
main.cpp(189): warning C4244: 'initializing': conversion from 'vl_uindex' to 'int', possible loss of data
main.cpp(235): warning C4267: 'initializing': conversion from 'size_t' to 'int', possible loss of data
main.cpp(333): warning C4244: 'initializing': conversion from 'double' to 'int', possible loss of data
main.cpp(377): warning C4244: 'initializing': conversion from 'vl_uindex' to 'int', possible loss of data
main.cpp(528): warning C4244: '=': conversion from 'double' to 'uchar', possible loss of data
main.cpp(529): warning C4244: '=': conversion from 'double' to 'uchar', possible loss of data
main.cpp(448): warning C4101: 'class_events': unreferenced local variable
main.cpp(600): warning C4244: 'initializing': conversion from 'double' to 'int', possible loss of data
main.cpp(602): warning C4244: 'initializing': conversion from 'double' to 'int', possible loss of data
main.cpp(620): warning C4244: 'initializing': conversion from 'double' to 'int', possible loss of data
main.cpp(657): warning C4244: '=': conversion from 'double' to 'uchar', possible loss of data
  Generating code
  8 of 742 functions ( 1.1%) were compiled, the rest were copied from previous compilation.
    0 functions were new in current compilation
    0 functions had inline decision re-evaluated but remain unchanged
  Finished generating code
  getDescripter.vcxproj -> D:\FYP\TrackingCPP\x64\Release\getDescripter.exe
          1 file(s) copied.
